<?xml version="1.0" encoding="UTF-8"?>
<!-- Generated by org.testng.reporters.JUnitReportReporter -->
<testsuite hostname="SHRIKANTD" failures="0" tests="2" name="Scripts1.TestNG1" time="0.004" errors="0" timestamp="2024-06-13T14:40:43 IST" skipped="0">
  <testcase classname="Scripts1.TestNG1" name="a" time="0.003"/>
  <testcase classname="Scripts1.TestNG1" name="a1" time="0.001"/>
</testsuite> <!-- Scripts1.TestNG1 -->
