<?xml version="1.0" encoding="UTF-8"?>
<!-- Generated by org.testng.reporters.JUnitReportReporter -->
<testsuite hostname="SHRIKANTD" failures="0" tests="4" name="Scripts1.TestnG43" time="0.005" errors="0" timestamp="2024-06-13T14:40:43 IST" skipped="1">
  <testcase classname="Scripts1.TestnG43" name="cc" time="0.000"/>
  <testcase classname="Scripts1.TestnG43" name="c" time="0.003"/>
  <testcase classname="Scripts1.TestnG43" name="cc" time="0.002"/>
  <testcase classname="Scripts1.TestnG43" name="b">
    <skipped/>
  </testcase> <!-- b -->
</testsuite> <!-- Scripts1.TestnG43 -->
