<?xml version="1.0" encoding="UTF-8"?>
<!-- Generated by org.testng.reporters.JUnitReportReporter -->
<testsuite hostname="SHRIKANTD" failures="0" tests="1" name="Scripts1.Screenshot" time="27.816" errors="0" timestamp="2024-06-19T14:10:03 IST" skipped="0">
  <testcase classname="Scripts1.Screenshot" name="OpenCalibrat" time="27.816"/>
</testsuite> <!-- Scripts1.Screenshot -->
